Date/Time: 2024-06-04 20:41:14
Client IP: 127.0.0.1
Thread ID: 134199100778176
Request: GET /index.html HTTP/1.1
Host: localhost:6969
Connection: keep-alive
Cache-Control: max-age=0
sec-ch-ua: "Brave";v="125", "Chromium";v="125", "Not.A/Brand";v="24"
sec-ch-ua-mobile: ?0
sec-ch-ua-platform: "Linux"
Upgrade-Insecure-Requests: 1
User-Agent: Mozilla/5.0 (X11; Linux x86_64) AppleWebKit/537.36 (KHTML, like Gecko) Chrome/125.0.0.0 Safari/537.36
Accept: text/html,application/xhtml+xml,application/xml;q=0.9,image/avif,image/webp,image/apng,*/*;q=0.8
Sec-GPC: 1
Accept-Language: en-US,en
Sec-Fetch-Site: same-origin
Sec-Fetch-Mode: navigate
Sec-Fetch-User: ?1
Sec-Fetch-Dest: document
Referer: http://localhost:6969/documents/document.html
Accept-Encoding: gzip, deflate, br, zstd
Cookie: csrftoken=9jNAniuEwOtMw8dQFtROS7GjYZ91NJkG


Date/Time: 2024-06-04 20:41:14
Client IP: 127.0.0.1
Thread ID: 134199100778176
Request: GET /images/image1.jpg HTTP/1.1
Host: localhost:6969
Connection: keep-alive
sec-ch-ua: "Brave";v="125", "Chromium";v="125", "Not.A/Brand";v="24"
sec-ch-ua-mobile: ?0
User-Agent: Mozilla/5.0 (X11; Linux x86_64) AppleWebKit/537.36 (KHTML, like Gecko) Chrome/125.0.0.0 Safari/537.36
sec-ch-ua-platform: "Linux"
Accept: image/avif,image/webp,image/apng,image/svg+xml,image/*,*/*;q=0.8
Sec-GPC: 1
Accept-Language: en-US,en
Sec-Fetch-Site: same-origin
Sec-Fetch-Mode: no-cors
Sec-Fetch-Dest: image
Referer: http://localhost:6969/index.html
Accept-Encoding: gzip, deflate, br, zstd
Cookie: csrftoken=9jNAniuEwOtMw8dQFtROS7GjYZ91NJkG


Date/Time: 2024-06-04 20:41:15
Client IP: 127.0.0.1
Thread ID: 134199100778176
Request: GET /index.html HTTP/1.1
Host: localhost:6969
Connection: keep-alive
Cache-Control: max-age=0
sec-ch-ua: "Brave";v="125", "Chromium";v="125", "Not.A/Brand";v="24"
sec-ch-ua-mobile: ?0
sec-ch-ua-platform: "Linux"
Upgrade-Insecure-Requests: 1
User-Agent: Mozilla/5.0 (X11; Linux x86_64) AppleWebKit/537.36 (KHTML, like Gecko) Chrome/125.0.0.0 Safari/537.36
Accept: text/html,application/xhtml+xml,application/xml;q=0.9,image/avif,image/webp,image/apng,*/*;q=0.8
Sec-GPC: 1
Accept-Language: en-US,en
Sec-Fetch-Site: same-origin
Sec-Fetch-Mode: navigate
Sec-Fetch-User: ?1
Sec-Fetch-Dest: document
Referer: http://localhost:6969/documents/document.html
Accept-Encoding: gzip, deflate, br, zstd
Cookie: csrftoken=9jNAniuEwOtMw8dQFtROS7GjYZ91NJkG


Date/Time: 2024-06-04 20:41:15
Client IP: 127.0.0.1
Thread ID: 134199100778176
Request: GET /images/image1.jpg HTTP/1.1
Host: localhost:6969
Connection: keep-alive
sec-ch-ua: "Brave";v="125", "Chromium";v="125", "Not.A/Brand";v="24"
sec-ch-ua-mobile: ?0
User-Agent: Mozilla/5.0 (X11; Linux x86_64) AppleWebKit/537.36 (KHTML, like Gecko) Chrome/125.0.0.0 Safari/537.36
sec-ch-ua-platform: "Linux"
Accept: image/avif,image/webp,image/apng,image/svg+xml,image/*,*/*;q=0.8
Sec-GPC: 1
Accept-Language: en-US,en
Sec-Fetch-Site: same-origin
Sec-Fetch-Mode: no-cors
Sec-Fetch-Dest: image
Referer: http://localhost:6969/index.html
Accept-Encoding: gzip, deflate, br, zstd
Cookie: csrftoken=9jNAniuEwOtMw8dQFtROS7GjYZ91NJkG


